2026-02-22T12:01:03.782796Z  INFO tailwindcss_oxide::scanner: Provided sources:
2026-02-22T12:01:03.783765Z  INFO tailwindcss_oxide::scanner: Source: PublicSourceEntry { base: "C:\\Users\\thabo\\Documents\\development\\edufleex", pattern: "**/*", negated: false }
2026-02-22T12:01:03.785115Z  INFO tailwindcss_oxide::scanner: Optimized sources:
2026-02-22T12:01:03.785152Z  INFO tailwindcss_oxide::scanner: Source: Auto { base: "C:\\Users\\thabo\\Documents\\development\\edufleex" }
2026-02-22T12:01:03.788135Z  INFO discover_sources: tailwindcss_oxide::scanner: enter
2026-02-22T12:01:03.788202Z  INFO discover_sources:walk_synchronous: tailwindcss_oxide::scanner: enter
2026-02-22T12:01:03.795009Z  INFO discover_sources:walk_synchronous: tailwindcss_oxide::scanner: exit
2026-02-22T12:01:03.795587Z  INFO tailwindcss_oxide::scanner: Reading "C:\\Users\\thabo\\Documents\\development\\edufleex\\check_featured.ts"
2026-02-22T12:01:03.795728Z  INFO tailwindcss_oxide::scanner: Reading "C:\\Users\\thabo\\Documents\\development\\edufleex\\db_check.txt"
2026-02-22T12:01:03.795748Z  INFO tailwindcss_oxide::scanner: Reading "C:\\Users\\thabo\\Documents\\development\\edufleex\\next.config.ts"
2026-02-22T12:01:03.795781Z  INFO tailwindcss_oxide::scanner: Reading "C:\\Users\\thabo\\Documents\\development\\edufleex\\prisma\\schema.prisma"
2026-02-22T12:01:03.795863Z  INFO tailwindcss_oxide::scanner: Reading "C:\\Users\\thabo\\Documents\\development\\edufleex\\package.json"
2026-02-22T12:01:03.795880Z  INFO tailwindcss_oxide::scanner: Reading "C:\\Users\\thabo\\Documents\\development\\edufleex\\public\\next.svg"
2026-02-22T12:01:03.795887Z  INFO tailwindcss_oxide::scanner: Reading "C:\\Users\\thabo\\Documents\\development\\edufleex\\src\\app\\admin\\page.tsx"
2026-02-22T12:01:03.795986Z  INFO tailwindcss_oxide::scanner: Reading "C:\\Users\\thabo\\Documents\\development\\edufleex\\postcss.config.mjs"
2026-02-22T12:01:03.796004Z  INFO tailwindcss_oxide::scanner: Reading "C:\\Users\\thabo\\Documents\\development\\edufleex\\prisma\\seed.ts"
2026-02-22T12:01:03.796112Z  INFO tailwindcss_oxide::scanner: Reading "C:\\Users\\thabo\\Documents\\development\\edufleex\\src\\app\\api\\categories\\route.ts"
2026-02-22T12:01:03.796144Z  INFO tailwindcss_oxide::scanner: Reading "C:\\Users\\thabo\\Documents\\development\\edufleex\\public\\vercel.svg"
2026-02-22T12:01:03.796144Z  INFO tailwindcss_oxide::scanner: Reading "C:\\Users\\thabo\\Documents\\development\\edufleex\\src\\components\\Footer.tsx"
2026-02-22T12:01:03.796264Z  INFO tailwindcss_oxide::scanner: Reading "C:\\Users\\thabo\\Documents\\development\\edufleex\\public\\file.svg"
2026-02-22T12:01:03.796279Z  INFO tailwindcss_oxide::scanner: Reading "C:\\Users\\thabo\\Documents\\development\\edufleex\\output.json"
2026-02-22T12:01:03.796277Z  INFO tailwindcss_oxide::scanner: Reading "C:\\Users\\thabo\\Documents\\development\\edufleex\\src\\components\\VideoRow.tsx"
2026-02-22T12:01:03.796302Z  INFO tailwindcss_oxide::scanner: Reading "C:\\Users\\thabo\\Documents\\development\\edufleex\\public\\window.svg"
2026-02-22T12:01:03.796400Z  INFO tailwindcss_oxide::scanner: Reading "C:\\Users\\thabo\\Documents\\development\\edufleex\\src\\lib\\db.ts"
2026-02-22T12:01:03.796443Z  INFO tailwindcss_oxide::scanner: Reading "C:\\Users\\thabo\\Documents\\development\\edufleex\\src\\app\\api\\favorites\\route.ts"
2026-02-22T12:01:03.796488Z  INFO tailwindcss_oxide::scanner: Reading "C:\\Users\\thabo\\Documents\\development\\edufleex\\src\\lib\\utils.ts"
2026-02-22T12:01:03.796487Z  INFO tailwindcss_oxide::scanner: Reading "C:\\Users\\thabo\\Documents\\development\\edufleex\\eslint.config.mjs"
2026-02-22T12:01:03.796585Z  INFO tailwindcss_oxide::scanner: Reading "C:\\Users\\thabo\\Documents\\development\\edufleex\\README.md"
2026-02-22T12:01:03.796616Z  INFO tailwindcss_oxide::scanner: Reading "C:\\Users\\thabo\\Documents\\development\\edufleex\\src\\components\\HeroBanner.tsx"
2026-02-22T12:01:03.796735Z  INFO tailwindcss_oxide::scanner: Reading "C:\\Users\\thabo\\Documents\\development\\edufleex\\tsconfig.json"
2026-02-22T12:01:03.796760Z  INFO tailwindcss_oxide::scanner: Reading "C:\\Users\\thabo\\Documents\\development\\edufleex\\src\\app\\api\\videos\\route.ts"
2026-02-22T12:01:03.796891Z  INFO tailwindcss_oxide::scanner: Reading "C:\\Users\\thabo\\Documents\\development\\edufleex\\src\\components\\VideoCard.tsx"
2026-02-22T12:01:03.796930Z  INFO tailwindcss_oxide::scanner: Reading "C:\\Users\\thabo\\Documents\\development\\edufleex\\src\\components\\DetailModal.tsx"
2026-02-22T12:01:03.796978Z  INFO tailwindcss_oxide::scanner: Reading "C:\\Users\\thabo\\Documents\\development\\edufleex\\src\\app\\page.tsx"
2026-02-22T12:01:03.797025Z  INFO tailwindcss_oxide::scanner: Reading "C:\\Users\\thabo\\Documents\\development\\edufleex\\src\\components\\Navbar.tsx"
2026-02-22T12:01:03.797064Z  INFO tailwindcss_oxide::scanner: Reading "C:\\Users\\thabo\\Documents\\development\\edufleex\\src\\app\\mylist\\page.tsx"
2026-02-22T12:01:03.797080Z  INFO tailwindcss_oxide::scanner: Reading "C:\\Users\\thabo\\Documents\\development\\edufleex\\instructions.txt"
2026-02-22T12:01:03.797087Z  INFO tailwindcss_oxide::scanner: Reading "C:\\Users\\thabo\\Documents\\development\\edufleex\\public\\globe.svg"
2026-02-22T12:01:03.797142Z  INFO tailwindcss_oxide::scanner: Reading "C:\\Users\\thabo\\Documents\\development\\edufleex\\src\\app\\layout.tsx"
2026-02-22T12:01:03.797587Z  INFO discover_sources: tailwindcss_oxide::scanner: exit
2026-02-22T12:01:03.797620Z  INFO extract_candidates: tailwindcss_oxide::scanner: enter
2026-02-22T12:01:03.797636Z  INFO extract_candidates:parse_all_blobs: tailwindcss_oxide::scanner: enter
2026-02-22T12:01:03.797646Z  INFO extract_candidates:parse_all_blobs:extract: tailwindcss_oxide::scanner: enter
2026-02-22T12:01:03.798695Z  INFO extract_candidates:parse_all_blobs:extract: tailwindcss_oxide::scanner: exit
2026-02-22T12:01:03.798714Z  INFO extract_candidates:parse_all_blobs: tailwindcss_oxide::scanner: exit
2026-02-22T12:01:03.798721Z  INFO extract_candidates:read_all_files: tailwindcss_oxide::scanner: enter
2026-02-22T12:01:03.798724Z  INFO extract_candidates:read_all_files: tailwindcss_oxide::scanner: Reading 1 file(s)
2026-02-22T12:01:03.798969Z  INFO extract_candidates:read_all_files: tailwindcss_oxide::scanner: Reading "C:\\Users\\thabo\\Documents\\development\\edufleex\\src\\app\\globals.css"
2026-02-22T12:01:03.798987Z  INFO extract_candidates:read_all_files: tailwindcss_oxide::scanner: exit
2026-02-22T12:01:03.798997Z  INFO extract_candidates:extract_css_variables: tailwindcss_oxide::scanner: enter
2026-02-22T12:01:03.799003Z  INFO extract_candidates:extract_css_variables:extract: tailwindcss_oxide::scanner: enter
2026-02-22T12:01:03.799283Z  INFO extract_candidates:extract_css_variables:extract: tailwindcss_oxide::scanner: exit
2026-02-22T12:01:03.799301Z  INFO extract_candidates:extract_css_variables: tailwindcss_oxide::scanner: exit
2026-02-22T12:01:03.799499Z  INFO extract_candidates: tailwindcss_oxide::scanner: exit
2026-02-22T12:01:03.800160Z  INFO get_files: tailwindcss_oxide::scanner: enter
2026-02-22T12:01:03.800172Z  INFO get_files:discover_sources: tailwindcss_oxide::scanner: enter
2026-02-22T12:01:03.800176Z  INFO get_files:discover_sources: tailwindcss_oxide::scanner: exit
2026-02-22T12:01:03.800270Z  INFO get_files: tailwindcss_oxide::scanner: exit
2026-02-22T12:01:03.800559Z  INFO get_globs: tailwindcss_oxide::scanner: enter
2026-02-22T12:01:03.800571Z  INFO get_globs:discover_sources: tailwindcss_oxide::scanner: enter
2026-02-22T12:01:03.800576Z  INFO get_globs:discover_sources: tailwindcss_oxide::scanner: exit
2026-02-22T12:01:03.807531Z  INFO get_globs: tailwindcss_oxide::scanner: exit
