2026-02-22T19:57:09.119273Z  INFO tailwindcss_oxide::scanner: Provided sources:
2026-02-22T19:57:09.122315Z  INFO tailwindcss_oxide::scanner: Source: PublicSourceEntry { base: "C:\\Users\\thabo\\Documents\\development\\edufleex", pattern: "**/*", negated: false }
2026-02-22T19:57:09.125704Z  INFO tailwindcss_oxide::scanner: Optimized sources:
2026-02-22T19:57:09.125746Z  INFO tailwindcss_oxide::scanner: Source: Auto { base: "C:\\Users\\thabo\\Documents\\development\\edufleex" }
2026-02-22T19:57:09.144229Z  INFO discover_sources: tailwindcss_oxide::scanner: enter
2026-02-22T19:57:09.145009Z  INFO discover_sources:walk_synchronous: tailwindcss_oxide::scanner: enter
2026-02-22T19:57:09.166560Z  INFO discover_sources:walk_synchronous: tailwindcss_oxide::scanner: exit
2026-02-22T19:57:09.168067Z  INFO tailwindcss_oxide::scanner: Reading "C:\\Users\\thabo\\Documents\\development\\edufleex\\src\\app\\grades\\[grade]\\not-found.tsx"
2026-02-22T19:57:09.168247Z  INFO tailwindcss_oxide::scanner: Reading "C:\\Users\\thabo\\Documents\\development\\edufleex\\prisma\\schema.prisma"
2026-02-22T19:57:09.168249Z  INFO tailwindcss_oxide::scanner: Reading "C:\\Users\\thabo\\Documents\\development\\edufleex\\eslint.config.mjs"
2026-02-22T19:57:09.168297Z  INFO tailwindcss_oxide::scanner: Reading "C:\\Users\\thabo\\Documents\\development\\edufleex\\output.json"
2026-02-22T19:57:09.168396Z  INFO tailwindcss_oxide::scanner: Reading "C:\\Users\\thabo\\Documents\\development\\edufleex\\check_featured.ts"
2026-02-22T19:57:09.168397Z  INFO tailwindcss_oxide::scanner: Reading "C:\\Users\\thabo\\Documents\\development\\edufleex\\public\\globe.svg"
2026-02-22T19:57:09.168430Z  INFO tailwindcss_oxide::scanner: Reading "C:\\Users\\thabo\\Documents\\development\\edufleex\\package.json"
2026-02-22T19:57:09.168494Z  INFO tailwindcss_oxide::scanner: Reading "C:\\Users\\thabo\\Documents\\development\\edufleex\\src\\app\\video\\[videoId]\\page.tsx"
2026-02-22T19:57:09.168557Z  INFO tailwindcss_oxide::scanner: Reading "C:\\Users\\thabo\\Documents\\development\\edufleex\\postcss.config.mjs"
2026-02-22T19:57:09.168599Z  INFO tailwindcss_oxide::scanner: Reading "C:\\Users\\thabo\\Documents\\development\\edufleex\\prisma\\seed.ts"
2026-02-22T19:57:09.168701Z  INFO tailwindcss_oxide::scanner: Reading "C:\\Users\\thabo\\Documents\\development\\edufleex\\src\\app\\grades\\[grade]\\page.tsx"
2026-02-22T19:57:09.168768Z  INFO tailwindcss_oxide::scanner: Reading "C:\\Users\\thabo\\Documents\\development\\edufleex\\src\\app\\new\\NewAndPopularClient.tsx"
2026-02-22T19:57:09.168782Z  INFO tailwindcss_oxide::scanner: Reading "C:\\Users\\thabo\\Documents\\development\\edufleex\\instructions.txt"
2026-02-22T19:57:09.168845Z  INFO tailwindcss_oxide::scanner: Reading "C:\\Users\\thabo\\Documents\\development\\edufleex\\public\\next.svg"
2026-02-22T19:57:09.168874Z  INFO tailwindcss_oxide::scanner: Reading "C:\\Users\\thabo\\Documents\\development\\edufleex\\public\\file.svg"
2026-02-22T19:57:09.168912Z  INFO tailwindcss_oxide::scanner: Reading "C:\\Users\\thabo\\Documents\\development\\edufleex\\next.config.ts"
2026-02-22T19:57:09.168917Z  INFO tailwindcss_oxide::scanner: Reading "C:\\Users\\thabo\\Documents\\development\\edufleex\\db_check.txt"
2026-02-22T19:57:09.168971Z  INFO tailwindcss_oxide::scanner: Reading "C:\\Users\\thabo\\Documents\\development\\edufleex\\src\\components\\Navbar.tsx"
2026-02-22T19:57:09.168986Z  INFO tailwindcss_oxide::scanner: Reading "C:\\Users\\thabo\\Documents\\development\\edufleex\\public\\vercel.svg"
2026-02-22T19:57:09.169059Z  INFO tailwindcss_oxide::scanner: Reading "C:\\Users\\thabo\\Documents\\development\\edufleex\\src\\app\\video\\[videoId]\\VideoPlayer.tsx"
2026-02-22T19:57:09.169150Z  INFO tailwindcss_oxide::scanner: Reading "C:\\Users\\thabo\\Documents\\development\\edufleex\\src\\app\\new\\page.tsx"
2026-02-22T19:57:09.169167Z  INFO tailwindcss_oxide::scanner: Reading "C:\\Users\\thabo\\Documents\\development\\edufleex\\public\\window.svg"
2026-02-22T19:57:09.169256Z  INFO tailwindcss_oxide::scanner: Reading "C:\\Users\\thabo\\Documents\\development\\edufleex\\src\\app\\subjects\\page.tsx"
2026-02-22T19:57:09.169404Z  INFO tailwindcss_oxide::scanner: Reading "C:\\Users\\thabo\\Documents\\development\\edufleex\\src\\app\\subjects\\[subject]\\page.tsx"
2026-02-22T19:57:09.169407Z  INFO tailwindcss_oxide::scanner: Reading "C:\\Users\\thabo\\Documents\\development\\edufleex\\src\\app\\admin\\page.tsx"
2026-02-22T19:57:09.169426Z  INFO tailwindcss_oxide::scanner: Reading "C:\\Users\\thabo\\Documents\\development\\edufleex\\src\\components\\DetailModal.tsx"
2026-02-22T19:57:09.169288Z  INFO tailwindcss_oxide::scanner: Reading "C:\\Users\\thabo\\Documents\\development\\edufleex\\src\\app\\layout.tsx"
2026-02-22T19:57:09.169536Z  INFO tailwindcss_oxide::scanner: Reading "C:\\Users\\thabo\\Documents\\development\\edufleex\\src\\lib\\db.ts"
2026-02-22T19:57:09.169573Z  INFO tailwindcss_oxide::scanner: Reading "C:\\Users\\thabo\\Documents\\development\\edufleex\\src\\app\\api\\categories\\route.ts"
2026-02-22T19:57:09.169594Z  INFO tailwindcss_oxide::scanner: Reading "C:\\Users\\thabo\\Documents\\development\\edufleex\\src\\app\\page.tsx"
2026-02-22T19:57:09.169661Z  INFO tailwindcss_oxide::scanner: Reading "C:\\Users\\thabo\\Documents\\development\\edufleex\\src\\lib\\utils.ts"
2026-02-22T19:57:09.169704Z  INFO tailwindcss_oxide::scanner: Reading "C:\\Users\\thabo\\Documents\\development\\edufleex\\src\\app\\video\\[videoId]\\not-found.tsx"
2026-02-22T19:57:09.169739Z  INFO tailwindcss_oxide::scanner: Reading "C:\\Users\\thabo\\Documents\\development\\edufleex\\src\\components\\VideoCard.tsx"
2026-02-22T19:57:09.169812Z  INFO tailwindcss_oxide::scanner: Reading "C:\\Users\\thabo\\Documents\\development\\edufleex\\README.md"
2026-02-22T19:57:09.169854Z  INFO tailwindcss_oxide::scanner: Reading "C:\\Users\\thabo\\Documents\\development\\edufleex\\src\\app\\api\\favorites\\route.ts"
2026-02-22T19:57:09.169855Z  INFO tailwindcss_oxide::scanner: Reading "C:\\Users\\thabo\\Documents\\development\\edufleex\\tsconfig.json"
2026-02-22T19:57:09.169906Z  INFO tailwindcss_oxide::scanner: Reading "C:\\Users\\thabo\\Documents\\development\\edufleex\\src\\components\\Footer.tsx"
2026-02-22T19:57:09.169959Z  INFO tailwindcss_oxide::scanner: Reading "C:\\Users\\thabo\\Documents\\development\\edufleex\\src\\app\\mylist\\page.tsx"
2026-02-22T19:57:09.170013Z  INFO tailwindcss_oxide::scanner: Reading "C:\\Users\\thabo\\Documents\\development\\edufleex\\src\\app\\mylist\\MyListClient.tsx"
2026-02-22T19:57:09.170022Z  INFO tailwindcss_oxide::scanner: Reading "C:\\Users\\thabo\\Documents\\development\\edufleex\\src\\components\\VideoRow.tsx"
2026-02-22T19:57:09.170116Z  INFO tailwindcss_oxide::scanner: Reading "C:\\Users\\thabo\\Documents\\development\\edufleex\\src\\app\\api\\videos\\route.ts"
2026-02-22T19:57:09.170184Z  INFO tailwindcss_oxide::scanner: Reading "C:\\Users\\thabo\\Documents\\development\\edufleex\\src\\app\\grades\\page.tsx"
2026-02-22T19:57:09.170253Z  INFO tailwindcss_oxide::scanner: Reading "C:\\Users\\thabo\\Documents\\development\\edufleex\\src\\app\\api\\videos\\[id]\\route.ts"
2026-02-22T19:57:09.170337Z  INFO tailwindcss_oxide::scanner: Reading "C:\\Users\\thabo\\Documents\\development\\edufleex\\src\\components\\HeroBanner.tsx"
2026-02-22T19:57:09.170435Z  INFO discover_sources: tailwindcss_oxide::scanner: exit
2026-02-22T19:57:09.170461Z  INFO extract_candidates: tailwindcss_oxide::scanner: enter
2026-02-22T19:57:09.170470Z  INFO extract_candidates:parse_all_blobs: tailwindcss_oxide::scanner: enter
2026-02-22T19:57:09.170479Z  INFO extract_candidates:parse_all_blobs:extract: tailwindcss_oxide::scanner: enter
2026-02-22T19:57:09.175040Z  INFO extract_candidates:parse_all_blobs:extract: tailwindcss_oxide::scanner: exit
2026-02-22T19:57:09.175088Z  INFO extract_candidates:parse_all_blobs: tailwindcss_oxide::scanner: exit
2026-02-22T19:57:09.175102Z  INFO extract_candidates:read_all_files: tailwindcss_oxide::scanner: enter
2026-02-22T19:57:09.175111Z  INFO extract_candidates:read_all_files: tailwindcss_oxide::scanner: Reading 1 file(s)
2026-02-22T19:57:09.175306Z  INFO extract_candidates:read_all_files: tailwindcss_oxide::scanner: Reading "C:\\Users\\thabo\\Documents\\development\\edufleex\\src\\app\\globals.css"
2026-02-22T19:57:09.175876Z  INFO extract_candidates:read_all_files: tailwindcss_oxide::scanner: exit
2026-02-22T19:57:09.175901Z  INFO extract_candidates:extract_css_variables: tailwindcss_oxide::scanner: enter
2026-02-22T19:57:09.175911Z  INFO extract_candidates:extract_css_variables:extract: tailwindcss_oxide::scanner: enter
2026-02-22T19:57:09.176212Z  INFO extract_candidates:extract_css_variables:extract: tailwindcss_oxide::scanner: exit
2026-02-22T19:57:09.176230Z  INFO extract_candidates:extract_css_variables: tailwindcss_oxide::scanner: exit
2026-02-22T19:57:09.176508Z  INFO extract_candidates: tailwindcss_oxide::scanner: exit
2026-02-22T19:57:09.177977Z  INFO get_files: tailwindcss_oxide::scanner: enter
2026-02-22T19:57:09.178002Z  INFO get_files:discover_sources: tailwindcss_oxide::scanner: enter
2026-02-22T19:57:09.178008Z  INFO get_files:discover_sources: tailwindcss_oxide::scanner: exit
2026-02-22T19:57:09.178542Z  INFO get_files: tailwindcss_oxide::scanner: exit
2026-02-22T19:57:09.179107Z  INFO get_globs: tailwindcss_oxide::scanner: enter
2026-02-22T19:57:09.179122Z  INFO get_globs:discover_sources: tailwindcss_oxide::scanner: enter
2026-02-22T19:57:09.179131Z  INFO get_globs:discover_sources: tailwindcss_oxide::scanner: exit
2026-02-22T19:57:09.201395Z  INFO get_globs: tailwindcss_oxide::scanner: exit
