2026-02-22T19:58:27.033110Z  INFO tailwindcss_oxide::scanner: Provided sources:
2026-02-22T19:58:27.034659Z  INFO tailwindcss_oxide::scanner: Source: PublicSourceEntry { base: "C:\\Users\\thabo\\Documents\\development\\edufleex", pattern: "**/*", negated: false }
2026-02-22T19:58:27.036823Z  INFO tailwindcss_oxide::scanner: Optimized sources:
2026-02-22T19:58:27.036850Z  INFO tailwindcss_oxide::scanner: Source: Auto { base: "C:\\Users\\thabo\\Documents\\development\\edufleex" }
2026-02-22T19:58:27.118465Z  INFO discover_sources: tailwindcss_oxide::scanner: enter
2026-02-22T19:58:27.119059Z  INFO discover_sources:walk_synchronous: tailwindcss_oxide::scanner: enter
2026-02-22T19:58:27.158256Z  INFO discover_sources:walk_synchronous: tailwindcss_oxide::scanner: exit
2026-02-22T19:58:27.159378Z  INFO tailwindcss_oxide::scanner: Reading "C:\\Users\\thabo\\Documents\\development\\edufleex\\build_output.txt"
2026-02-22T19:58:27.159603Z  INFO tailwindcss_oxide::scanner: Reading "C:\\Users\\thabo\\Documents\\development\\edufleex\\src\\lib\\db.ts"
2026-02-22T19:58:27.159671Z  INFO tailwindcss_oxide::scanner: Reading "C:\\Users\\thabo\\Documents\\development\\edufleex\\src\\app\\video\\[videoId]\\not-found.tsx"
2026-02-22T19:58:27.159843Z  INFO tailwindcss_oxide::scanner: Reading "C:\\Users\\thabo\\Documents\\development\\edufleex\\src\\lib\\utils.ts"
2026-02-22T19:58:27.159842Z  INFO tailwindcss_oxide::scanner: Reading "C:\\Users\\thabo\\Documents\\development\\edufleex\\src\\app\\grades\\page.tsx"
2026-02-22T19:58:27.159970Z  INFO tailwindcss_oxide::scanner: Reading "C:\\Users\\thabo\\Documents\\development\\edufleex\\src\\components\\Navbar.tsx"
2026-02-22T19:58:27.159993Z  INFO tailwindcss_oxide::scanner: Reading "C:\\Users\\thabo\\Documents\\development\\edufleex\\check_featured.ts"
2026-02-22T19:58:27.160261Z  INFO tailwindcss_oxide::scanner: Reading "C:\\Users\\thabo\\Documents\\development\\edufleex\\src\\app\\video\\[videoId]\\page.tsx"
2026-02-22T19:58:27.160278Z  INFO tailwindcss_oxide::scanner: Reading "C:\\Users\\thabo\\Documents\\development\\edufleex\\src\\app\\grades\\[grade]\\not-found.tsx"
2026-02-22T19:58:27.160263Z  INFO tailwindcss_oxide::scanner: Reading "C:\\Users\\thabo\\Documents\\development\\edufleex\\tsconfig.json"
2026-02-22T19:58:27.160382Z  INFO tailwindcss_oxide::scanner: Reading "C:\\Users\\thabo\\Documents\\development\\edufleex\\db_check.txt"
2026-02-22T19:58:27.160773Z  INFO tailwindcss_oxide::scanner: Reading "C:\\Users\\thabo\\Documents\\development\\edufleex\\src\\app\\grades\\[grade]\\page.tsx"
2026-02-22T19:58:27.160765Z  INFO tailwindcss_oxide::scanner: Reading "C:\\Users\\thabo\\Documents\\development\\edufleex\\src\\app\\video\\[videoId]\\VideoPlayer.tsx"
2026-02-22T19:58:27.160879Z  INFO tailwindcss_oxide::scanner: Reading "C:\\Users\\thabo\\Documents\\development\\edufleex\\src\\components\\VideoCard.tsx"
2026-02-22T19:58:27.161073Z  INFO tailwindcss_oxide::scanner: Reading "C:\\Users\\thabo\\Documents\\development\\edufleex\\src\\app\\mylist\\page.tsx"
2026-02-22T19:58:27.161104Z  INFO tailwindcss_oxide::scanner: Reading "C:\\Users\\thabo\\Documents\\development\\edufleex\\eslint.config.mjs"
2026-02-22T19:58:27.161131Z  INFO tailwindcss_oxide::scanner: Reading "C:\\Users\\thabo\\Documents\\development\\edufleex\\src\\app\\layout.tsx"
2026-02-22T19:58:27.161340Z  INFO tailwindcss_oxide::scanner: Reading "C:\\Users\\thabo\\Documents\\development\\edufleex\\src\\components\\Footer.tsx"
2026-02-22T19:58:27.161355Z  INFO tailwindcss_oxide::scanner: Reading "C:\\Users\\thabo\\Documents\\development\\edufleex\\src\\components\\DetailModal.tsx"
2026-02-22T19:58:27.161407Z  INFO tailwindcss_oxide::scanner: Reading "C:\\Users\\thabo\\Documents\\development\\edufleex\\src\\app\\page.tsx"
2026-02-22T19:58:27.161507Z  INFO tailwindcss_oxide::scanner: Reading "C:\\Users\\thabo\\Documents\\development\\edufleex\\instructions.txt"
2026-02-22T19:58:27.161664Z  INFO tailwindcss_oxide::scanner: Reading "C:\\Users\\thabo\\Documents\\development\\edufleex\\src\\app\\mylist\\MyListClient.tsx"
2026-02-22T19:58:27.161665Z  INFO tailwindcss_oxide::scanner: Reading "C:\\Users\\thabo\\Documents\\development\\edufleex\\src\\components\\VideoRow.tsx"
2026-02-22T19:58:27.161826Z  INFO tailwindcss_oxide::scanner: Reading "C:\\Users\\thabo\\Documents\\development\\edufleex\\src\\app\\new\\page.tsx"
2026-02-22T19:58:27.161832Z  INFO tailwindcss_oxide::scanner: Reading "C:\\Users\\thabo\\Documents\\development\\edufleex\\src\\app\\new\\NewAndPopularClient.tsx"
2026-02-22T19:58:27.161899Z  INFO tailwindcss_oxide::scanner: Reading "C:\\Users\\thabo\\Documents\\development\\edufleex\\src\\app\\subjects\\page.tsx"
2026-02-22T19:58:27.161928Z  INFO tailwindcss_oxide::scanner: Reading "C:\\Users\\thabo\\Documents\\development\\edufleex\\src\\components\\HeroBanner.tsx"
2026-02-22T19:58:27.161692Z  INFO tailwindcss_oxide::scanner: Reading "C:\\Users\\thabo\\Documents\\development\\edufleex\\next.config.ts"
2026-02-22T19:58:27.161987Z  INFO tailwindcss_oxide::scanner: Reading "C:\\Users\\thabo\\Documents\\development\\edufleex\\public\\file.svg"
2026-02-22T19:58:27.162088Z  INFO tailwindcss_oxide::scanner: Reading "C:\\Users\\thabo\\Documents\\development\\edufleex\\postcss.config.mjs"
2026-02-22T19:58:27.162209Z  INFO tailwindcss_oxide::scanner: Reading "C:\\Users\\thabo\\Documents\\development\\edufleex\\output.json"
2026-02-22T19:58:27.162254Z  INFO tailwindcss_oxide::scanner: Reading "C:\\Users\\thabo\\Documents\\development\\edufleex\\package.json"
2026-02-22T19:58:27.162353Z  INFO tailwindcss_oxide::scanner: Reading "C:\\Users\\thabo\\Documents\\development\\edufleex\\prisma\\seed.ts"
2026-02-22T19:58:27.162372Z  INFO tailwindcss_oxide::scanner: Reading "C:\\Users\\thabo\\Documents\\development\\edufleex\\public\\globe.svg"
2026-02-22T19:58:27.162279Z  INFO tailwindcss_oxide::scanner: Reading "C:\\Users\\thabo\\Documents\\development\\edufleex\\src\\app\\subjects\\[subject]\\page.tsx"
2026-02-22T19:58:27.162494Z  INFO tailwindcss_oxide::scanner: Reading "C:\\Users\\thabo\\Documents\\development\\edufleex\\README.md"
2026-02-22T19:58:27.162604Z  INFO tailwindcss_oxide::scanner: Reading "C:\\Users\\thabo\\Documents\\development\\edufleex\\public\\window.svg"
2026-02-22T19:58:27.162706Z  INFO tailwindcss_oxide::scanner: Reading "C:\\Users\\thabo\\Documents\\development\\edufleex\\src\\app\\api\\favorites\\route.ts"
2026-02-22T19:58:27.162762Z  INFO tailwindcss_oxide::scanner: Reading "C:\\Users\\thabo\\Documents\\development\\edufleex\\src\\app\\api\\categories\\route.ts"
2026-02-22T19:58:27.162841Z  INFO tailwindcss_oxide::scanner: Reading "C:\\Users\\thabo\\Documents\\development\\edufleex\\src\\app\\api\\videos\\route.ts"
2026-02-22T19:58:27.162861Z  INFO tailwindcss_oxide::scanner: Reading "C:\\Users\\thabo\\Documents\\development\\edufleex\\src\\app\\admin\\page.tsx"
2026-02-22T19:58:27.162921Z  INFO tailwindcss_oxide::scanner: Reading "C:\\Users\\thabo\\Documents\\development\\edufleex\\src\\app\\api\\videos\\[id]\\route.ts"
2026-02-22T19:58:27.163061Z  INFO tailwindcss_oxide::scanner: Reading "C:\\Users\\thabo\\Documents\\development\\edufleex\\prisma\\schema.prisma"
2026-02-22T19:58:27.163145Z  INFO tailwindcss_oxide::scanner: Reading "C:\\Users\\thabo\\Documents\\development\\edufleex\\public\\vercel.svg"
2026-02-22T19:58:27.164678Z  INFO tailwindcss_oxide::scanner: Reading "C:\\Users\\thabo\\Documents\\development\\edufleex\\public\\next.svg"
2026-02-22T19:58:27.164795Z  INFO discover_sources: tailwindcss_oxide::scanner: exit
2026-02-22T19:58:27.164832Z  INFO extract_candidates: tailwindcss_oxide::scanner: enter
2026-02-22T19:58:27.164844Z  INFO extract_candidates:parse_all_blobs: tailwindcss_oxide::scanner: enter
2026-02-22T19:58:27.164859Z  INFO extract_candidates:parse_all_blobs:extract: tailwindcss_oxide::scanner: enter
2026-02-22T19:58:27.167245Z  INFO extract_candidates:parse_all_blobs:extract: tailwindcss_oxide::scanner: exit
2026-02-22T19:58:27.167281Z  INFO extract_candidates:parse_all_blobs: tailwindcss_oxide::scanner: exit
2026-02-22T19:58:27.167296Z  INFO extract_candidates:read_all_files: tailwindcss_oxide::scanner: enter
2026-02-22T19:58:27.167407Z  INFO extract_candidates:read_all_files: tailwindcss_oxide::scanner: Reading 1 file(s)
2026-02-22T19:58:27.167737Z  INFO extract_candidates:read_all_files: tailwindcss_oxide::scanner: Reading "C:\\Users\\thabo\\Documents\\development\\edufleex\\src\\app\\globals.css"
2026-02-22T19:58:27.167757Z  INFO extract_candidates:read_all_files: tailwindcss_oxide::scanner: exit
2026-02-22T19:58:27.167772Z  INFO extract_candidates:extract_css_variables: tailwindcss_oxide::scanner: enter
2026-02-22T19:58:27.167780Z  INFO extract_candidates:extract_css_variables:extract: tailwindcss_oxide::scanner: enter
2026-02-22T19:58:27.167971Z  INFO extract_candidates:extract_css_variables:extract: tailwindcss_oxide::scanner: exit
2026-02-22T19:58:27.168074Z  INFO extract_candidates:extract_css_variables: tailwindcss_oxide::scanner: exit
2026-02-22T19:58:27.168611Z  INFO extract_candidates: tailwindcss_oxide::scanner: exit
2026-02-22T19:58:27.170628Z  INFO get_files: tailwindcss_oxide::scanner: enter
2026-02-22T19:58:27.170658Z  INFO get_files:discover_sources: tailwindcss_oxide::scanner: enter
2026-02-22T19:58:27.170669Z  INFO get_files:discover_sources: tailwindcss_oxide::scanner: exit
2026-02-22T19:58:27.170835Z  INFO get_files: tailwindcss_oxide::scanner: exit
2026-02-22T19:58:27.171655Z  INFO get_globs: tailwindcss_oxide::scanner: enter
2026-02-22T19:58:27.171679Z  INFO get_globs:discover_sources: tailwindcss_oxide::scanner: enter
2026-02-22T19:58:27.171690Z  INFO get_globs:discover_sources: tailwindcss_oxide::scanner: exit
2026-02-22T19:58:27.287893Z  INFO get_globs: tailwindcss_oxide::scanner: exit
