2026-02-22T20:00:19.204794Z  INFO tailwindcss_oxide::scanner: Provided sources:
2026-02-22T20:00:19.210414Z  INFO tailwindcss_oxide::scanner: Source: PublicSourceEntry { base: "C:\\Users\\thabo\\Documents\\development\\edufleex", pattern: "**/*", negated: false }
2026-02-22T20:00:19.213593Z  INFO tailwindcss_oxide::scanner: Optimized sources:
2026-02-22T20:00:19.213649Z  INFO tailwindcss_oxide::scanner: Source: Auto { base: "C:\\Users\\thabo\\Documents\\development\\edufleex" }
2026-02-22T20:00:19.226260Z  INFO discover_sources: tailwindcss_oxide::scanner: enter
2026-02-22T20:00:19.226692Z  INFO discover_sources:walk_synchronous: tailwindcss_oxide::scanner: enter
2026-02-22T20:00:19.241976Z  INFO discover_sources:walk_synchronous: tailwindcss_oxide::scanner: exit
2026-02-22T20:00:19.252120Z  INFO tailwindcss_oxide::scanner: Reading "C:\\Users\\thabo\\Documents\\development\\edufleex\\build_output.txt"
2026-02-22T20:00:19.252328Z  INFO tailwindcss_oxide::scanner: Reading "C:\\Users\\thabo\\Documents\\development\\edufleex\\src\\app\\grades\\page.tsx"
2026-02-22T20:00:19.252535Z  INFO tailwindcss_oxide::scanner: Reading "C:\\Users\\thabo\\Documents\\development\\edufleex\\check_featured.ts"
2026-02-22T20:00:19.252951Z  INFO tailwindcss_oxide::scanner: Reading "C:\\Users\\thabo\\Documents\\development\\edufleex\\public\\file.svg"
2026-02-22T20:00:19.253251Z  INFO tailwindcss_oxide::scanner: Reading "C:\\Users\\thabo\\Documents\\development\\edufleex\\src\\app\\grades\\[grade]\\not-found.tsx"
2026-02-22T20:00:19.253419Z  INFO tailwindcss_oxide::scanner: Reading "C:\\Users\\thabo\\Documents\\development\\edufleex\\public\\globe.svg"
2026-02-22T20:00:19.253425Z  INFO tailwindcss_oxide::scanner: Reading "C:\\Users\\thabo\\Documents\\development\\edufleex\\db_check.txt"
2026-02-22T20:00:19.253646Z  INFO tailwindcss_oxide::scanner: Reading "C:\\Users\\thabo\\Documents\\development\\edufleex\\src\\app\\grades\\[grade]\\page.tsx"
2026-02-22T20:00:19.253820Z  INFO tailwindcss_oxide::scanner: Reading "C:\\Users\\thabo\\Documents\\development\\edufleex\\eslint.config.mjs"
2026-02-22T20:00:19.253823Z  INFO tailwindcss_oxide::scanner: Reading "C:\\Users\\thabo\\Documents\\development\\edufleex\\public\\next.svg"
2026-02-22T20:00:19.253996Z  INFO tailwindcss_oxide::scanner: Reading "C:\\Users\\thabo\\Documents\\development\\edufleex\\public\\vercel.svg"
2026-02-22T20:00:19.254215Z  INFO tailwindcss_oxide::scanner: Reading "C:\\Users\\thabo\\Documents\\development\\edufleex\\src\\app\\layout.tsx"
2026-02-22T20:00:19.254281Z  INFO tailwindcss_oxide::scanner: Reading "C:\\Users\\thabo\\Documents\\development\\edufleex\\src\\app\\video\\[videoId]\\not-found.tsx"
2026-02-22T20:00:19.255081Z  INFO tailwindcss_oxide::scanner: Reading "C:\\Users\\thabo\\Documents\\development\\edufleex\\public\\window.svg"
2026-02-22T20:00:19.255382Z  INFO tailwindcss_oxide::scanner: Reading "C:\\Users\\thabo\\Documents\\development\\edufleex\\instructions.txt"
2026-02-22T20:00:19.255500Z  INFO tailwindcss_oxide::scanner: Reading "C:\\Users\\thabo\\Documents\\development\\edufleex\\next.config.ts"
2026-02-22T20:00:19.255607Z  INFO tailwindcss_oxide::scanner: Reading "C:\\Users\\thabo\\Documents\\development\\edufleex\\src\\components\\Navbar.tsx"
2026-02-22T20:00:19.255659Z  INFO tailwindcss_oxide::scanner: Reading "C:\\Users\\thabo\\Documents\\development\\edufleex\\README.md"
2026-02-22T20:00:19.255818Z  INFO tailwindcss_oxide::scanner: Reading "C:\\Users\\thabo\\Documents\\development\\edufleex\\src\\app\\video\\[videoId]\\page.tsx"
2026-02-22T20:00:19.255850Z  INFO tailwindcss_oxide::scanner: Reading "C:\\Users\\thabo\\Documents\\development\\edufleex\\src\\app\\mylist\\MyListClient.tsx"
2026-02-22T20:00:19.255940Z  INFO tailwindcss_oxide::scanner: Reading "C:\\Users\\thabo\\Documents\\development\\edufleex\\output.json"
2026-02-22T20:00:19.256027Z  INFO tailwindcss_oxide::scanner: Reading "C:\\Users\\thabo\\Documents\\development\\edufleex\\package.json"
2026-02-22T20:00:19.256126Z  INFO tailwindcss_oxide::scanner: Reading "C:\\Users\\thabo\\Documents\\development\\edufleex\\postcss.config.mjs"
2026-02-22T20:00:19.256165Z  INFO tailwindcss_oxide::scanner: Reading "C:\\Users\\thabo\\Documents\\development\\edufleex\\src\\components\\VideoCard.tsx"
2026-02-22T20:00:19.256509Z  INFO tailwindcss_oxide::scanner: Reading "C:\\Users\\thabo\\Documents\\development\\edufleex\\src\\components\\VideoRow.tsx"
2026-02-22T20:00:19.256599Z  INFO tailwindcss_oxide::scanner: Reading "C:\\Users\\thabo\\Documents\\development\\edufleex\\src\\app\\admin\\page.tsx"
2026-02-22T20:00:19.256645Z  INFO tailwindcss_oxide::scanner: Reading "C:\\Users\\thabo\\Documents\\development\\edufleex\\src\\lib\\db.ts"
2026-02-22T20:00:19.256665Z  INFO tailwindcss_oxide::scanner: Reading "C:\\Users\\thabo\\Documents\\development\\edufleex\\src\\app\\mylist\\page.tsx"
2026-02-22T20:00:19.256730Z  INFO tailwindcss_oxide::scanner: Reading "C:\\Users\\thabo\\Documents\\development\\edufleex\\src\\app\\api\\categories\\route.ts"
2026-02-22T20:00:19.256763Z  INFO tailwindcss_oxide::scanner: Reading "C:\\Users\\thabo\\Documents\\development\\edufleex\\src\\lib\\utils.ts"
2026-02-22T20:00:19.256807Z  INFO tailwindcss_oxide::scanner: Reading "C:\\Users\\thabo\\Documents\\development\\edufleex\\src\\app\\video\\[videoId]\\VideoPlayer.tsx"
2026-02-22T20:00:19.257131Z  INFO tailwindcss_oxide::scanner: Reading "C:\\Users\\thabo\\Documents\\development\\edufleex\\tsconfig.json"
2026-02-22T20:00:19.257178Z  INFO tailwindcss_oxide::scanner: Reading "C:\\Users\\thabo\\Documents\\development\\edufleex\\src\\app\\new\\NewAndPopularClient.tsx"
2026-02-22T20:00:19.257346Z  INFO tailwindcss_oxide::scanner: Reading "C:\\Users\\thabo\\Documents\\development\\edufleex\\src\\components\\DetailModal.tsx"
2026-02-22T20:00:19.257378Z  INFO tailwindcss_oxide::scanner: Reading "C:\\Users\\thabo\\Documents\\development\\edufleex\\prisma\\seed.ts"
2026-02-22T20:00:19.257492Z  INFO tailwindcss_oxide::scanner: Reading "C:\\Users\\thabo\\Documents\\development\\edufleex\\src\\app\\api\\favorites\\route.ts"
2026-02-22T20:00:19.257627Z  INFO tailwindcss_oxide::scanner: Reading "C:\\Users\\thabo\\Documents\\development\\edufleex\\src\\app\\new\\page.tsx"
2026-02-22T20:00:19.257710Z  INFO tailwindcss_oxide::scanner: Reading "C:\\Users\\thabo\\Documents\\development\\edufleex\\src\\app\\page.tsx"
2026-02-22T20:00:19.257775Z  INFO tailwindcss_oxide::scanner: Reading "C:\\Users\\thabo\\Documents\\development\\edufleex\\src\\components\\Footer.tsx"
2026-02-22T20:00:19.258566Z  INFO tailwindcss_oxide::scanner: Reading "C:\\Users\\thabo\\Documents\\development\\edufleex\\src\\app\\api\\videos\\[id]\\route.ts"
2026-02-22T20:00:19.258702Z  INFO tailwindcss_oxide::scanner: Reading "C:\\Users\\thabo\\Documents\\development\\edufleex\\src\\components\\HeroBanner.tsx"
2026-02-22T20:00:19.259340Z  INFO tailwindcss_oxide::scanner: Reading "C:\\Users\\thabo\\Documents\\development\\edufleex\\src\\app\\subjects\\[subject]\\page.tsx"
2026-02-22T20:00:19.259758Z  INFO tailwindcss_oxide::scanner: Reading "C:\\Users\\thabo\\Documents\\development\\edufleex\\src\\app\\subjects\\page.tsx"
2026-02-22T20:00:19.260417Z  INFO tailwindcss_oxide::scanner: Reading "C:\\Users\\thabo\\Documents\\development\\edufleex\\prisma\\schema.prisma"
2026-02-22T20:00:19.261243Z  INFO tailwindcss_oxide::scanner: Reading "C:\\Users\\thabo\\Documents\\development\\edufleex\\src\\app\\api\\videos\\route.ts"
2026-02-22T20:00:19.261308Z  INFO discover_sources: tailwindcss_oxide::scanner: exit
2026-02-22T20:00:19.261331Z  INFO extract_candidates: tailwindcss_oxide::scanner: enter
2026-02-22T20:00:19.261338Z  INFO extract_candidates:parse_all_blobs: tailwindcss_oxide::scanner: enter
2026-02-22T20:00:19.261347Z  INFO extract_candidates:parse_all_blobs:extract: tailwindcss_oxide::scanner: enter
2026-02-22T20:00:19.290857Z  INFO extract_candidates:parse_all_blobs:extract: tailwindcss_oxide::scanner: exit
2026-02-22T20:00:19.290921Z  INFO extract_candidates:parse_all_blobs: tailwindcss_oxide::scanner: exit
2026-02-22T20:00:19.290933Z  INFO extract_candidates:read_all_files: tailwindcss_oxide::scanner: enter
2026-02-22T20:00:19.291019Z  INFO extract_candidates:read_all_files: tailwindcss_oxide::scanner: Reading 1 file(s)
2026-02-22T20:00:19.291278Z  INFO extract_candidates:read_all_files: tailwindcss_oxide::scanner: Reading "C:\\Users\\thabo\\Documents\\development\\edufleex\\src\\app\\globals.css"
2026-02-22T20:00:19.291301Z  INFO extract_candidates:read_all_files: tailwindcss_oxide::scanner: exit
2026-02-22T20:00:19.291312Z  INFO extract_candidates:extract_css_variables: tailwindcss_oxide::scanner: enter
2026-02-22T20:00:19.291319Z  INFO extract_candidates:extract_css_variables:extract: tailwindcss_oxide::scanner: enter
2026-02-22T20:00:19.291370Z  INFO extract_candidates:extract_css_variables:extract: tailwindcss_oxide::scanner: exit
2026-02-22T20:00:19.291378Z  INFO extract_candidates:extract_css_variables: tailwindcss_oxide::scanner: exit
2026-02-22T20:00:19.291688Z  INFO extract_candidates: tailwindcss_oxide::scanner: exit
2026-02-22T20:00:19.294137Z  INFO get_files: tailwindcss_oxide::scanner: enter
2026-02-22T20:00:19.294176Z  INFO get_files:discover_sources: tailwindcss_oxide::scanner: enter
2026-02-22T20:00:19.294184Z  INFO get_files:discover_sources: tailwindcss_oxide::scanner: exit
2026-02-22T20:00:19.295629Z  INFO get_files: tailwindcss_oxide::scanner: exit
2026-02-22T20:00:19.296233Z  INFO get_globs: tailwindcss_oxide::scanner: enter
2026-02-22T20:00:19.296257Z  INFO get_globs:discover_sources: tailwindcss_oxide::scanner: enter
2026-02-22T20:00:19.296264Z  INFO get_globs:discover_sources: tailwindcss_oxide::scanner: exit
2026-02-22T20:00:19.325538Z  INFO get_globs: tailwindcss_oxide::scanner: exit
