2026-02-22T20:02:00.121175Z  INFO tailwindcss_oxide::scanner: Provided sources:
2026-02-22T20:02:00.124769Z  INFO tailwindcss_oxide::scanner: Source: PublicSourceEntry { base: "C:\\Users\\thabo\\Documents\\development\\edufleex", pattern: "**/*", negated: false }
2026-02-22T20:02:00.129485Z  INFO tailwindcss_oxide::scanner: Optimized sources:
2026-02-22T20:02:00.129534Z  INFO tailwindcss_oxide::scanner: Source: Auto { base: "C:\\Users\\thabo\\Documents\\development\\edufleex" }
2026-02-22T20:02:00.152267Z  INFO discover_sources: tailwindcss_oxide::scanner: enter
2026-02-22T20:02:00.153217Z  INFO discover_sources:walk_synchronous: tailwindcss_oxide::scanner: enter
2026-02-22T20:02:00.168468Z  INFO discover_sources:walk_synchronous: tailwindcss_oxide::scanner: exit
2026-02-22T20:02:00.169089Z  INFO tailwindcss_oxide::scanner: Reading "C:\\Users\\thabo\\Documents\\development\\edufleex\\public\\file.svg"
2026-02-22T20:02:00.169331Z  INFO tailwindcss_oxide::scanner: Reading "C:\\Users\\thabo\\Documents\\development\\edufleex\\postcss.config.mjs"
2026-02-22T20:02:00.169198Z  INFO tailwindcss_oxide::scanner: Reading "C:\\Users\\thabo\\Documents\\development\\edufleex\\next.config.ts"
2026-02-22T20:02:00.169468Z  INFO tailwindcss_oxide::scanner: Reading "C:\\Users\\thabo\\Documents\\development\\edufleex\\src\\app\\grades\\page.tsx"
2026-02-22T20:02:00.169479Z  INFO tailwindcss_oxide::scanner: Reading "C:\\Users\\thabo\\Documents\\development\\edufleex\\README.md"
2026-02-22T20:02:00.169715Z  INFO tailwindcss_oxide::scanner: Reading "C:\\Users\\thabo\\Documents\\development\\edufleex\\src\\app\\video\\[videoId]\\not-found.tsx"
2026-02-22T20:02:00.169907Z  INFO tailwindcss_oxide::scanner: Reading "C:\\Users\\thabo\\Documents\\development\\edufleex\\src\\app\\grades\\[grade]\\not-found.tsx"
2026-02-22T20:02:00.170032Z  INFO tailwindcss_oxide::scanner: Reading "C:\\Users\\thabo\\Documents\\development\\edufleex\\prisma\\schema.prisma"
2026-02-22T20:02:00.170036Z  INFO tailwindcss_oxide::scanner: Reading "C:\\Users\\thabo\\Documents\\development\\edufleex\\src\\app\\admin\\page.tsx"
2026-02-22T20:02:00.170114Z  INFO tailwindcss_oxide::scanner: Reading "C:\\Users\\thabo\\Documents\\development\\edufleex\\output.json"
2026-02-22T20:02:00.170152Z  INFO tailwindcss_oxide::scanner: Reading "C:\\Users\\thabo\\Documents\\development\\edufleex\\src\\app\\api\\categories\\route.ts"
2026-02-22T20:02:00.170214Z  INFO tailwindcss_oxide::scanner: Reading "C:\\Users\\thabo\\Documents\\development\\edufleex\\package.json"
2026-02-22T20:02:00.170372Z  INFO tailwindcss_oxide::scanner: Reading "C:\\Users\\thabo\\Documents\\development\\edufleex\\build_output.txt"
2026-02-22T20:02:00.170646Z  INFO tailwindcss_oxide::scanner: Reading "C:\\Users\\thabo\\Documents\\development\\edufleex\\src\\app\\api\\favorites\\route.ts"
2026-02-22T20:02:00.170682Z  INFO tailwindcss_oxide::scanner: Reading "C:\\Users\\thabo\\Documents\\development\\edufleex\\src\\app\\video\\[videoId]\\page.tsx"
2026-02-22T20:02:00.170789Z  INFO tailwindcss_oxide::scanner: Reading "C:\\Users\\thabo\\Documents\\development\\edufleex\\src\\components\\Navbar.tsx"
2026-02-22T20:02:00.171012Z  INFO tailwindcss_oxide::scanner: Reading "C:\\Users\\thabo\\Documents\\development\\edufleex\\prisma\\seed.ts"
2026-02-22T20:02:00.171026Z  INFO tailwindcss_oxide::scanner: Reading "C:\\Users\\thabo\\Documents\\development\\edufleex\\src\\app\\grades\\[grade]\\page.tsx"
2026-02-22T20:02:00.171188Z  INFO tailwindcss_oxide::scanner: Reading "C:\\Users\\thabo\\Documents\\development\\edufleex\\src\\app\\video\\[videoId]\\VideoPlayer.tsx"
2026-02-22T20:02:00.171225Z  INFO tailwindcss_oxide::scanner: Reading "C:\\Users\\thabo\\Documents\\development\\edufleex\\public\\globe.svg"
2026-02-22T20:02:00.171252Z  INFO tailwindcss_oxide::scanner: Reading "C:\\Users\\thabo\\Documents\\development\\edufleex\\db_check.txt"
2026-02-22T20:02:00.171319Z  INFO tailwindcss_oxide::scanner: Reading "C:\\Users\\thabo\\Documents\\development\\edufleex\\check_featured.ts"
2026-02-22T20:02:00.171327Z  INFO tailwindcss_oxide::scanner: Reading "C:\\Users\\thabo\\Documents\\development\\edufleex\\src\\components\\VideoCard.tsx"
2026-02-22T20:02:00.171439Z  INFO tailwindcss_oxide::scanner: Reading "C:\\Users\\thabo\\Documents\\development\\edufleex\\src\\app\\api\\videos\\route.ts"
2026-02-22T20:02:00.171539Z  INFO tailwindcss_oxide::scanner: Reading "C:\\Users\\thabo\\Documents\\development\\edufleex\\eslint.config.mjs"
2026-02-22T20:02:00.171689Z  INFO tailwindcss_oxide::scanner: Reading "C:\\Users\\thabo\\Documents\\development\\edufleex\\public\\next.svg"
2026-02-22T20:02:00.171708Z  INFO tailwindcss_oxide::scanner: Reading "C:\\Users\\thabo\\Documents\\development\\edufleex\\src\\app\\mylist\\page.tsx"
2026-02-22T20:02:00.171715Z  INFO tailwindcss_oxide::scanner: Reading "C:\\Users\\thabo\\Documents\\development\\edufleex\\src\\app\\layout.tsx"
2026-02-22T20:02:00.171730Z  INFO tailwindcss_oxide::scanner: Reading "C:\\Users\\thabo\\Documents\\development\\edufleex\\src\\app\\api\\videos\\[id]\\route.ts"
2026-02-22T20:02:00.171754Z  INFO tailwindcss_oxide::scanner: Reading "C:\\Users\\thabo\\Documents\\development\\edufleex\\src\\components\\DetailModal.tsx"
2026-02-22T20:02:00.171878Z  INFO tailwindcss_oxide::scanner: Reading "C:\\Users\\thabo\\Documents\\development\\edufleex\\src\\components\\VideoRow.tsx"
2026-02-22T20:02:00.171874Z  INFO tailwindcss_oxide::scanner: Reading "C:\\Users\\thabo\\Documents\\development\\edufleex\\public\\vercel.svg"
2026-02-22T20:02:00.171886Z  INFO tailwindcss_oxide::scanner: Reading "C:\\Users\\thabo\\Documents\\development\\edufleex\\instructions.txt"
2026-02-22T20:02:00.171974Z  INFO tailwindcss_oxide::scanner: Reading "C:\\Users\\thabo\\Documents\\development\\edufleex\\src\\lib\\db.ts"
2026-02-22T20:02:00.171995Z  INFO tailwindcss_oxide::scanner: Reading "C:\\Users\\thabo\\Documents\\development\\edufleex\\src\\lib\\utils.ts"
2026-02-22T20:02:00.171998Z  INFO tailwindcss_oxide::scanner: Reading "C:\\Users\\thabo\\Documents\\development\\edufleex\\src\\app\\page.tsx"
2026-02-22T20:02:00.172015Z  INFO tailwindcss_oxide::scanner: Reading "C:\\Users\\thabo\\Documents\\development\\edufleex\\public\\window.svg"
2026-02-22T20:02:00.172185Z  INFO tailwindcss_oxide::scanner: Reading "C:\\Users\\thabo\\Documents\\development\\edufleex\\src\\components\\Footer.tsx"
2026-02-22T20:02:00.172317Z  INFO tailwindcss_oxide::scanner: Reading "C:\\Users\\thabo\\Documents\\development\\edufleex\\src\\app\\subjects\\page.tsx"
2026-02-22T20:02:00.172371Z  INFO tailwindcss_oxide::scanner: Reading "C:\\Users\\thabo\\Documents\\development\\edufleex\\src\\app\\new\\NewAndPopularClient.tsx"
2026-02-22T20:02:00.172387Z  INFO tailwindcss_oxide::scanner: Reading "C:\\Users\\thabo\\Documents\\development\\edufleex\\src\\app\\mylist\\MyListClient.tsx"
2026-02-22T20:02:00.172586Z  INFO tailwindcss_oxide::scanner: Reading "C:\\Users\\thabo\\Documents\\development\\edufleex\\tsconfig.json"
2026-02-22T20:02:00.172610Z  INFO tailwindcss_oxide::scanner: Reading "C:\\Users\\thabo\\Documents\\development\\edufleex\\src\\app\\new\\page.tsx"
2026-02-22T20:02:00.172632Z  INFO tailwindcss_oxide::scanner: Reading "C:\\Users\\thabo\\Documents\\development\\edufleex\\src\\app\\subjects\\[subject]\\page.tsx"
2026-02-22T20:02:00.172701Z  INFO tailwindcss_oxide::scanner: Reading "C:\\Users\\thabo\\Documents\\development\\edufleex\\src\\components\\HeroBanner.tsx"
2026-02-22T20:02:00.172924Z  INFO discover_sources: tailwindcss_oxide::scanner: exit
2026-02-22T20:02:00.172946Z  INFO extract_candidates: tailwindcss_oxide::scanner: enter
2026-02-22T20:02:00.172953Z  INFO extract_candidates:parse_all_blobs: tailwindcss_oxide::scanner: enter
2026-02-22T20:02:00.173210Z  INFO extract_candidates:parse_all_blobs:extract: tailwindcss_oxide::scanner: enter
2026-02-22T20:02:00.176466Z  INFO extract_candidates:parse_all_blobs:extract: tailwindcss_oxide::scanner: exit
2026-02-22T20:02:00.176504Z  INFO extract_candidates:parse_all_blobs: tailwindcss_oxide::scanner: exit
2026-02-22T20:02:00.176515Z  INFO extract_candidates:read_all_files: tailwindcss_oxide::scanner: enter
2026-02-22T20:02:00.176601Z  INFO extract_candidates:read_all_files: tailwindcss_oxide::scanner: Reading 1 file(s)
2026-02-22T20:02:00.176835Z  INFO extract_candidates:read_all_files: tailwindcss_oxide::scanner: Reading "C:\\Users\\thabo\\Documents\\development\\edufleex\\src\\app\\globals.css"
2026-02-22T20:02:00.176851Z  INFO extract_candidates:read_all_files: tailwindcss_oxide::scanner: exit
2026-02-22T20:02:00.176861Z  INFO extract_candidates:extract_css_variables: tailwindcss_oxide::scanner: enter
2026-02-22T20:02:00.176867Z  INFO extract_candidates:extract_css_variables:extract: tailwindcss_oxide::scanner: enter
2026-02-22T20:02:00.176952Z  INFO extract_candidates:extract_css_variables:extract: tailwindcss_oxide::scanner: exit
2026-02-22T20:02:00.176973Z  INFO extract_candidates:extract_css_variables: tailwindcss_oxide::scanner: exit
2026-02-22T20:02:00.177324Z  INFO extract_candidates: tailwindcss_oxide::scanner: exit
2026-02-22T20:02:00.179530Z  INFO get_files: tailwindcss_oxide::scanner: enter
2026-02-22T20:02:00.179588Z  INFO get_files:discover_sources: tailwindcss_oxide::scanner: enter
2026-02-22T20:02:00.179618Z  INFO get_files:discover_sources: tailwindcss_oxide::scanner: exit
2026-02-22T20:02:00.179859Z  INFO get_files: tailwindcss_oxide::scanner: exit
2026-02-22T20:02:00.180353Z  INFO get_globs: tailwindcss_oxide::scanner: enter
2026-02-22T20:02:00.180368Z  INFO get_globs:discover_sources: tailwindcss_oxide::scanner: enter
2026-02-22T20:02:00.180375Z  INFO get_globs:discover_sources: tailwindcss_oxide::scanner: exit
2026-02-22T20:02:00.209613Z  INFO get_globs: tailwindcss_oxide::scanner: exit
